<?xml version="1.0" encoding="UTF-8" ?>
<testsuites>
 <testsuite name="Protractor Demo" timestamp="2017-09-15T06:09:20" hostname="localhost" time="4.372" errors="0" tests="1" skipped="0" disabled="0" failures="0">
  <testcase classname="Protractor Demo" name="to check the page title" time="4.366" />
 </testsuite>
</testsuites>